<?xml version="1.0" encoding="UTF-8"?>
<!-- Generated by org.testng.reporters.JUnitXMLReporter -->
<testsuite hostname="DBHOMEHP" ignored="0" name="Sanity Test" tests="2" failures="0" timestamp="2022-12-12T20:41:00 GMT" time="11.497" errors="0">
  <testcase name="userShouldLoginSuccessfullyWithValidCredentials" time="1.503" classname="com.orangehrmlive.demo.testsuite.LoginTest"/>
  <testcase name="userShouldNavigateToForgotPasswordPageSuccessfully" time="0.774" classname="com.orangehrmlive.demo.testsuite.ForgetPassword"/>
</testsuite> <!-- Sanity Test -->
