<?xml version="1.0" encoding="UTF-8"?>
<testng-results skipped="0" failed="0" ignored="0" total="2" passed="2">
  <reporter-output>
    <line>
      <![CDATA[Enter user nameAdmin]]>
    </line>
    <line>
      <![CDATA[Enter password[[ChromeDriver: chrome on WINDOWS (01070036b9234bf976bae487be18a09e)] -> name: password]]]>
    </line>
    <line>
      <![CDATA[click on sign in[[ChromeDriver: chrome on WINDOWS (01070036b9234bf976bae487be18a09e)] -> xpath: //button[@type ='submit']]]]>
    </line>
    <line>
      <![CDATA[get welcome text[[ChromeDriver: chrome on WINDOWS (01070036b9234bf976bae487be18a09e)] -> xpath: //h6[normalize-space()='Dashboard']]]]>
    </line>
    <line>
      <![CDATA[click on forgot button[[ChromeDriver: chrome on WINDOWS (6e6f2c96abfe3089e409368fec64447a)] -> xpath: //p[@class='oxd-text oxd-text--p orangehrm-login-forgot-header']]]]>
    </line>
    <line>
      <![CDATA[verify reset text[[ChromeDriver: chrome on WINDOWS (6e6f2c96abfe3089e409368fec64447a)] -> xpath: //button[@class='oxd-button oxd-button--large oxd-button--secondary orangehrm-forgot-password-button orangehrm-forgot-password-button--reset']]]]>
    </line>
  </reporter-output>
  <suite name="Sanity Suite" duration-ms="11497" started-at="2022-12-12T20:40:49 GMT" finished-at="2022-12-12T20:41:00 GMT">
    <groups>
      <group name="regression">
        <method signature="ForgetPassword.userShouldNavigateToForgotPasswordPageSuccessfully()[pri:0, instance:com.orangehrmlive.demo.testsuite.ForgetPassword@36b4cef0]" name="userShouldNavigateToForgotPasswordPageSuccessfully" class="com.orangehrmlive.demo.testsuite.ForgetPassword"/>
        <method signature="LoginTest.userShouldLoginSuccessfullyWithValidCredentials()[pri:0, instance:com.orangehrmlive.demo.testsuite.LoginTest@6ee52dcd]" name="userShouldLoginSuccessfullyWithValidCredentials" class="com.orangehrmlive.demo.testsuite.LoginTest"/>
      </group> <!-- regression -->
      <group name="sanity">
        <method signature="ForgetPassword.userShouldNavigateToForgotPasswordPageSuccessfully()[pri:0, instance:com.orangehrmlive.demo.testsuite.ForgetPassword@36b4cef0]" name="userShouldNavigateToForgotPasswordPageSuccessfully" class="com.orangehrmlive.demo.testsuite.ForgetPassword"/>
        <method signature="LoginTest.userShouldLoginSuccessfullyWithValidCredentials()[pri:0, instance:com.orangehrmlive.demo.testsuite.LoginTest@6ee52dcd]" name="userShouldLoginSuccessfullyWithValidCredentials" class="com.orangehrmlive.demo.testsuite.LoginTest"/>
      </group> <!-- sanity -->
    </groups>
    <test name="Sanity Test" duration-ms="11497" started-at="2022-12-12T20:40:49 GMT" finished-at="2022-12-12T20:41:00 GMT">
      <class name="com.orangehrmlive.demo.testsuite.ForgetPassword">
        <test-method status="PASS" signature="setUp()[pri:0, instance:com.orangehrmlive.demo.testsuite.ForgetPassword@36b4cef0]" name="setUp" is-config="true" duration-ms="2227" started-at="2022-12-12T20:40:56 GMT" finished-at="2022-12-12T20:40:59 GMT">
          <reporter-output>
          </reporter-output>
        </test-method> <!-- setUp -->
        <test-method status="PASS" signature="inIt()[pri:0, instance:com.orangehrmlive.demo.testsuite.ForgetPassword@36b4cef0]" name="inIt" is-config="true" duration-ms="0" started-at="2022-12-12T20:40:59 GMT" finished-at="2022-12-12T20:40:59 GMT">
          <reporter-output>
          </reporter-output>
        </test-method> <!-- inIt -->
        <test-method status="PASS" signature="userShouldNavigateToForgotPasswordPageSuccessfully()[pri:0, instance:com.orangehrmlive.demo.testsuite.ForgetPassword@36b4cef0]" name="userShouldNavigateToForgotPasswordPageSuccessfully" duration-ms="774" started-at="2022-12-12T20:40:59 GMT" finished-at="2022-12-12T20:40:59 GMT">
          <reporter-output>
            <line>
              <![CDATA[click on forgot button[[ChromeDriver: chrome on WINDOWS (6e6f2c96abfe3089e409368fec64447a)] -> xpath: //p[@class='oxd-text oxd-text--p orangehrm-login-forgot-header']]]]>
            </line>
            <line>
              <![CDATA[verify reset text[[ChromeDriver: chrome on WINDOWS (6e6f2c96abfe3089e409368fec64447a)] -> xpath: //button[@class='oxd-button oxd-button--large oxd-button--secondary orangehrm-forgot-password-button orangehrm-forgot-password-button--reset']]]]>
            </line>
          </reporter-output>
        </test-method> <!-- userShouldNavigateToForgotPasswordPageSuccessfully -->
        <test-method status="PASS" signature="tearDown()[pri:0, instance:com.orangehrmlive.demo.testsuite.ForgetPassword@36b4cef0]" name="tearDown" is-config="true" duration-ms="820" started-at="2022-12-12T20:40:59 GMT" finished-at="2022-12-12T20:41:00 GMT">
          <reporter-output>
          </reporter-output>
        </test-method> <!-- tearDown -->
      </class> <!-- com.orangehrmlive.demo.testsuite.ForgetPassword -->
      <class name="com.orangehrmlive.demo.testsuite.LoginTest">
        <test-method status="PASS" signature="setUp()[pri:0, instance:com.orangehrmlive.demo.testsuite.LoginTest@6ee52dcd]" name="setUp" is-config="true" duration-ms="5273" started-at="2022-12-12T20:40:49 GMT" finished-at="2022-12-12T20:40:54 GMT">
          <reporter-output>
          </reporter-output>
        </test-method> <!-- setUp -->
        <test-method status="PASS" signature="inIt()[pri:0, instance:com.orangehrmlive.demo.testsuite.LoginTest@6ee52dcd]" name="inIt" is-config="true" duration-ms="26" started-at="2022-12-12T20:40:54 GMT" finished-at="2022-12-12T20:40:54 GMT">
          <reporter-output>
          </reporter-output>
        </test-method> <!-- inIt -->
        <test-method status="PASS" signature="userShouldLoginSuccessfullyWithValidCredentials()[pri:0, instance:com.orangehrmlive.demo.testsuite.LoginTest@6ee52dcd]" name="userShouldLoginSuccessfullyWithValidCredentials" duration-ms="1503" started-at="2022-12-12T20:40:54 GMT" finished-at="2022-12-12T20:40:56 GMT">
          <reporter-output>
            <line>
              <![CDATA[Enter user nameAdmin]]>
            </line>
            <line>
              <![CDATA[Enter password[[ChromeDriver: chrome on WINDOWS (01070036b9234bf976bae487be18a09e)] -> name: password]]]>
            </line>
            <line>
              <![CDATA[click on sign in[[ChromeDriver: chrome on WINDOWS (01070036b9234bf976bae487be18a09e)] -> xpath: //button[@type ='submit']]]]>
            </line>
            <line>
              <![CDATA[get welcome text[[ChromeDriver: chrome on WINDOWS (01070036b9234bf976bae487be18a09e)] -> xpath: //h6[normalize-space()='Dashboard']]]]>
            </line>
          </reporter-output>
        </test-method> <!-- userShouldLoginSuccessfullyWithValidCredentials -->
        <test-method status="PASS" signature="tearDown()[pri:0, instance:com.orangehrmlive.demo.testsuite.LoginTest@6ee52dcd]" name="tearDown" is-config="true" duration-ms="822" started-at="2022-12-12T20:40:56 GMT" finished-at="2022-12-12T20:40:56 GMT">
          <reporter-output>
          </reporter-output>
        </test-method> <!-- tearDown -->
      </class> <!-- com.orangehrmlive.demo.testsuite.LoginTest -->
    </test> <!-- Sanity Test -->
  </suite> <!-- Sanity Suite -->
</testng-results>
