<?xml version="1.0" encoding="UTF-8"?>
<!-- Generated by org.testng.reporters.JUnitXMLReporter -->
<testsuite hostname="DBHOMEHP" ignored="0" name="Bank Test" tests="2" failures="0" timestamp="2022-12-12T15:53:46 GMT" time="10.85" errors="0">
  <testcase name="userShouldLoginSuccessfullyWithValidCredentials" time="1.571" classname="com.orangehrmlive.demo.testsuite.LoginTest"/>
  <testcase name="userShouldNavigateToForgotPasswordPageSuccessfully" time="0.853" classname="com.orangehrmlive.demo.testsuite.ForgetPassword"/>
</testsuite> <!-- Bank Test -->
